<?xml version="1.0" encoding="UTF-8"?>
<!-- Generated by org.testng.reporters.JUnitReportReporter -->
<testsuite hostname="AVINASH" failures="0" tests="1" name="scripts.Testcase2" time="14.658" errors="0" timestamp="2022-12-27T13:03:19 IST" skipped="0">
  <testcase classname="scripts.Testcase2" name="tc2" time="14.658"/>
  <system-out/>
</testsuite> <!-- scripts.Testcase2 -->
